2021-02-08 19:32:38.857 - INFO - 5359 - azureml.train.automl.automlconfig._start_execution:208 - Submitting remote.
2021-02-08 19:38:11.865 - INFO - 6056 - azureml.train.automl.automlconfig._start_execution:208 - Submitting remote.
2021-02-08 22:44:43.856 - INFO - 6056 - azureml.train.automl.run._log_activity:54 - ActivityStarted: GetOutput
2021-02-08 22:44:43.927 - INFO - 6056 - azureml.train.automl.run._log_activity:54 - ActivityStarted: GetOutput
2021-02-08 22:44:43.936 - INFO - 6056 - azureml.train.automl.run._log_activity:54 - ActivityStarted: GetChildren
2021-02-08 22:44:44.667 - INFO - 6056 - azureml.train.automl.run._log_activity:92 - ActivityCompleted: Activity=GetChildren, HowEnded=Success, Duration=730.8[ms]
2021-02-08 22:44:44.667 - INFO - 6056 - azureml.train.automl.run._log_activity:92 - ActivityCompleted: Activity=GetOutput, HowEnded=Success, Duration=740.6[ms]
2021-02-08 22:44:44.683 - INFO - 6056 - azureml.train.automl._model_download_utilities._log_activity:54 - ActivityStarted: DownloadModel
2021-02-08 22:44:54.874 - INFO - 6056 - azureml.automl.runtime.distributed.utilities.horovod_initialized:58 - Horovod not found in current environment. Distribution via Horovod will be disabled.
2021-02-08 22:44:57.028 - INFO - 6056 - azureml.automl.runtime.featurization.data_transformer.__init__:184 - Feature sweeping enabled: False
2021-02-08 22:44:57.028 - INFO - 6056 - azureml.automl.runtime.featurization.data_transformer.__init__:185 - Feature sweeping timeout: 86400
2021-02-08 22:44:58.163 - INFO - 6056 - azureml.train.automl._model_download_utilities._log_activity:92 - ActivityCompleted: Activity=DownloadModel, HowEnded=Success, Duration=13479.86[ms]
2021-02-08 22:44:58.163 - INFO - 6056 - azureml.train.automl.run._log_activity:92 - ActivityCompleted: Activity=GetOutput, HowEnded=Success, Duration=14307.27[ms]
2021-02-08 22:44:58.942 - INFO - 6056 - azureml.train.automl.run._log_activity:54 - ActivityStarted: RegisterModel
2021-02-08 22:44:58.959 - INFO - 6056 - azureml.train.automl.run._log_activity:54 - ActivityStarted: GetChildren
2021-02-08 22:44:59.603 - INFO - 6056 - azureml.train.automl.run._log_activity:92 - ActivityCompleted: Activity=GetChildren, HowEnded=Success, Duration=643.85[ms]
2021-02-08 22:45:01.338 - INFO - 6056 - azureml.train.automl.run._log_activity:92 - ActivityCompleted: Activity=RegisterModel, HowEnded=Success, Duration=2395.72[ms]
2021-02-08 22:45:16.551 - INFO - 6056 - azureml.train.automl.run._log_activity:54 - ActivityStarted: RegisterModel
2021-02-08 22:45:16.561 - INFO - 6056 - azureml.train.automl.run._log_activity:54 - ActivityStarted: GetChildren
2021-02-08 22:45:17.259 - INFO - 6056 - azureml.train.automl.run._log_activity:92 - ActivityCompleted: Activity=GetChildren, HowEnded=Success, Duration=698.04[ms]
2021-02-08 22:45:18.844 - INFO - 6056 - azureml.train.automl.run._log_activity:92 - ActivityCompleted: Activity=RegisterModel, HowEnded=Success, Duration=2293.17[ms]
