2021-02-08 19:32:39.530 - INFO - 5359 - azureml.train.automl._azureautomlclient.modify_run_configuration:199 - Package azureml-train-automl missing from dependencies file.
2021-02-08 19:32:39.531 - INFO - 5359 - azureml.train.automl._azureautomlclient.modify_run_configuration:205 - Using pinned version: azureml-train-automl==1.20.0.*
2021-02-08 19:32:39.531 - INFO - 5359 - azureml.train.automl._azureautomlclient.modify_run_configuration:199 - Package pandas missing from dependencies file.
2021-02-08 19:32:39.532 - INFO - 5359 - azureml.train.automl._azureautomlclient.modify_run_configuration:205 - Using pinned version: pandas==0.25.1
2021-02-08 19:32:39.532 - INFO - 5359 - azureml.train.automl._azureautomlclient.modify_run_configuration:199 - Package psutil missing from dependencies file.
2021-02-08 19:32:39.532 - INFO - 5359 - azureml.train.automl._azureautomlclient.modify_run_configuration:205 - Using pinned version: psutil>5.0.0,<6.0.0
2021-02-08 19:32:39.533 - INFO - 5359 - azureml.train.automl._azureautomlclient.modify_run_configuration:199 - Package scikit-learn missing from dependencies file.
2021-02-08 19:32:39.533 - INFO - 5359 - azureml.train.automl._azureautomlclient.modify_run_configuration:205 - Using pinned version: scikit-learn==0.22.1
2021-02-08 19:32:39.534 - INFO - 5359 - azureml.train.automl._azureautomlclient.modify_run_configuration:199 - Package numpy missing from dependencies file.
2021-02-08 19:32:39.534 - INFO - 5359 - azureml.train.automl._azureautomlclient.modify_run_configuration:205 - Using pinned version: numpy~=1.18.0
2021-02-08 19:32:39.534 - INFO - 5359 - azureml.train.automl._azureautomlclient.modify_run_configuration:199 - Package py-xgboost missing from dependencies file.
2021-02-08 19:32:39.534 - INFO - 5359 - azureml.train.automl._azureautomlclient.modify_run_configuration:205 - Using pinned version: py-xgboost<=0.90
2021-02-08 19:32:39.535 - INFO - 5359 - azureml.train.automl._azureautomlclient.modify_run_configuration:199 - Package inference-schema missing from dependencies file.
2021-02-08 19:32:39.535 - INFO - 5359 - azureml.train.automl._azureautomlclient.modify_run_configuration:199 - Package fbprophet missing from dependencies file.
2021-02-08 19:32:39.537 - INFO - 5359 - azureml.train.automl._azureautomlclient.modify_run_configuration:205 - Using pinned version: fbprophet==0.5
2021-02-08 19:32:39.545 - INFO - 5359 - azureml.train.automl._azureautomlclient.modify_run_configuration:199 - Package setuptools-git missing from dependencies file.
2021-02-08 19:32:39.545 - INFO - 5359 - azureml.train.automl._azureautomlclient.modify_run_configuration:209 - Using installed version: setuptools-git==1.2
2021-02-08 19:32:39.553 - INFO - 5359 - azureml.train.automl._azureautomlclient._validate_input:664 - Start data validation.
2021-02-08 19:32:41.707 - INFO - 5359 - azureml.train.automl._azureautomlclient._validate_input:677 - Validation service found the data has no errors.
2021-02-08 19:32:41.707 - INFO - 5359 - azureml.train.automl._azureautomlclient._create_parent_run_for_remote:542 - Start creating parent run.
2021-02-08 19:32:41.937 - INFO - 5359 - azureml.train.automl._azureautomlclient._create_parent_run_for_remote:562 - [ParentRunID:AutoML_6343c5d6-d2bb-457e-9adf-605802e6d47d] Remote run using input X and y.
2021-02-08 19:32:41.991 - INFO - 5359 - azureml.train.automl._azureautomlclient._create_parent_run_for_remote:575 - Parent Run ID: AutoML_6343c5d6-d2bb-457e-9adf-605802e6d47d
2021-02-08 19:32:41.992 - INFO - 5359 - azureml.train.automl._azureautomlclient._fit_remote_core:503 - Starting a snapshot run (snapshot_id : None)
2021-02-08 19:38:12.496 - INFO - 6056 - azureml.train.automl._azureautomlclient.modify_run_configuration:199 - Package azureml-train-automl missing from dependencies file.
2021-02-08 19:38:12.496 - INFO - 6056 - azureml.train.automl._azureautomlclient.modify_run_configuration:205 - Using pinned version: azureml-train-automl==1.20.0.*
2021-02-08 19:38:12.497 - INFO - 6056 - azureml.train.automl._azureautomlclient.modify_run_configuration:199 - Package pandas missing from dependencies file.
2021-02-08 19:38:12.497 - INFO - 6056 - azureml.train.automl._azureautomlclient.modify_run_configuration:205 - Using pinned version: pandas==0.25.1
2021-02-08 19:38:12.497 - INFO - 6056 - azureml.train.automl._azureautomlclient.modify_run_configuration:199 - Package psutil missing from dependencies file.
2021-02-08 19:38:12.497 - INFO - 6056 - azureml.train.automl._azureautomlclient.modify_run_configuration:205 - Using pinned version: psutil>5.0.0,<6.0.0
2021-02-08 19:38:12.497 - INFO - 6056 - azureml.train.automl._azureautomlclient.modify_run_configuration:199 - Package scikit-learn missing from dependencies file.
2021-02-08 19:38:12.497 - INFO - 6056 - azureml.train.automl._azureautomlclient.modify_run_configuration:205 - Using pinned version: scikit-learn==0.22.1
2021-02-08 19:38:12.498 - INFO - 6056 - azureml.train.automl._azureautomlclient.modify_run_configuration:199 - Package numpy missing from dependencies file.
2021-02-08 19:38:12.498 - INFO - 6056 - azureml.train.automl._azureautomlclient.modify_run_configuration:205 - Using pinned version: numpy~=1.18.0
2021-02-08 19:38:12.498 - INFO - 6056 - azureml.train.automl._azureautomlclient.modify_run_configuration:199 - Package py-xgboost missing from dependencies file.
2021-02-08 19:38:12.498 - INFO - 6056 - azureml.train.automl._azureautomlclient.modify_run_configuration:205 - Using pinned version: py-xgboost<=0.90
2021-02-08 19:38:12.498 - INFO - 6056 - azureml.train.automl._azureautomlclient.modify_run_configuration:199 - Package inference-schema missing from dependencies file.
2021-02-08 19:38:12.499 - INFO - 6056 - azureml.train.automl._azureautomlclient.modify_run_configuration:199 - Package fbprophet missing from dependencies file.
2021-02-08 19:38:12.499 - INFO - 6056 - azureml.train.automl._azureautomlclient.modify_run_configuration:205 - Using pinned version: fbprophet==0.5
2021-02-08 19:38:12.499 - INFO - 6056 - azureml.train.automl._azureautomlclient.modify_run_configuration:199 - Package setuptools-git missing from dependencies file.
2021-02-08 19:38:12.499 - INFO - 6056 - azureml.train.automl._azureautomlclient.modify_run_configuration:209 - Using installed version: setuptools-git==1.2
2021-02-08 19:38:12.505 - INFO - 6056 - azureml.train.automl._azureautomlclient._validate_input:664 - Start data validation.
2021-02-08 19:38:15.383 - INFO - 6056 - azureml.train.automl._azureautomlclient._validate_input:677 - Validation service found the data has no errors.
2021-02-08 19:38:15.383 - INFO - 6056 - azureml.train.automl._azureautomlclient._create_parent_run_for_remote:542 - Start creating parent run.
2021-02-08 19:38:15.651 - INFO - 6056 - azureml.train.automl._azureautomlclient._create_parent_run_for_remote:562 - [ParentRunID:AutoML_26986b18-0c16-4670-b009-817d60da1c62] Remote run using input X and y.
2021-02-08 19:38:15.710 - INFO - 6056 - azureml.train.automl._azureautomlclient._create_parent_run_for_remote:575 - Parent Run ID: AutoML_26986b18-0c16-4670-b009-817d60da1c62
2021-02-08 19:38:15.711 - INFO - 6056 - azureml.train.automl._azureautomlclient._fit_remote_core:503 - Starting a snapshot run (snapshot_id : None)
